Build started 03/12/2015 10:47 am.
     1>Project "C:\Users\rgcgroup\Desktop\7_5_hpc2D\7_5_hpc2D\hpcv2D\project\7_5\7_5.vcxproj" on node 2 (Build target(s)).
     1>AddCudaCompileDeps:
         C:\Program Files (x86)\Microsoft Visual Studio 12.0\VC\bin\cl.exe /E /nologo /showIncludes /TP /D__CUDACC__ /DWIN32 /DNDEBUG /D_CONSOLE /D_MBCS /I"C:\Program Files\NVIDIA GPU Computing Toolkit\CUDA\v7.5\include" /I"C:\Program Files\NVIDIA GPU Computing Toolkit\CUDA\v7.5\bin" /I"C:\Program Files\NVIDIA GPU Computing Toolkit\CUDA\v7.5\include" /I. /FIcuda_runtime.h /c C:\Users\rgcgroup\Desktop\7_5_hpc2D\7_5_hpc2D\hpcv2D\project\7_5\kernel.cu 
       CudaBuild:
         Compiling CUDA source file kernel.cu...
         cmd.exe /C "C:\Users\rgcgroup\AppData\Local\Temp\tmp7bf833de61404b0295f5eaa62ed00187.cmd"
         "C:\Program Files\NVIDIA GPU Computing Toolkit\CUDA\v7.5\bin\nvcc.exe" -gencode=arch=compute_20,code=\"sm_20,compute_20\" --use-local-env --cl-version 2013 -ccbin "C:\Program Files (x86)\Microsoft Visual Studio 12.0\VC\bin"  -I"C:\Program Files\NVIDIA GPU Computing Toolkit\CUDA\v7.5\include" -I"C:\Program Files\NVIDIA GPU Computing Toolkit\CUDA\v7.5\include"     --keep-dir Release -maxrregcount=0  --machine 32 --compile -cudart static     -DWIN32 -DNDEBUG -D_CONSOLE -D_MBCS -Xcompiler "/EHsc /W3 /nologo /O2 /Zi  /MD " -o Release\kernel.cu.obj "C:\Users\rgcgroup\Desktop\7_5_hpc2D\7_5_hpc2D\hpcv2D\project\7_5\kernel.cu"
         
         C:\Users\rgcgroup\Desktop\7_5_hpc2D\7_5_hpc2D\hpcv2D\project\7_5>"C:\Program Files\NVIDIA GPU Computing Toolkit\CUDA\v7.5\bin\nvcc.exe" -gencode=arch=compute_20,code=\"sm_20,compute_20\" --use-local-env --cl-version 2013 -ccbin "C:\Program Files (x86)\Microsoft Visual Studio 12.0\VC\bin"  -I"C:\Program Files\NVIDIA GPU Computing Toolkit\CUDA\v7.5\include" -I"C:\Program Files\NVIDIA GPU Computing Toolkit\CUDA\v7.5\include"     --keep-dir Release -maxrregcount=0  --machine 32 --compile -cudart static     -DWIN32 -DNDEBUG -D_CONSOLE -D_MBCS -Xcompiler "/EHsc /W3 /nologo /O2 /Zi  /MD " -o Release\kernel.cu.obj "C:\Users\rgcgroup\Desktop\7_5_hpc2D\7_5_hpc2D\hpcv2D\project\7_5\kernel.cu" 
     1>C:/Users/rgcgroup/Desktop/7_5_hpc2D/7_5_hpc2D/hpcv2D/project/7_5/kernel.cu(22): warning : specifiers after comma between declarations are nonstandard
     1>C:/Users/rgcgroup/Desktop/7_5_hpc2D/7_5_hpc2D/hpcv2D/project/7_5/kernel.cu(22): warning : specifiers after comma between declarations are nonstandard
     1>C:/Users/rgcgroup/Desktop/7_5_hpc2D/7_5_hpc2D/hpcv2D/project/7_5/kernel.cu(22): warning : specifiers after comma between declarations are nonstandard
     1>C:/Users/rgcgroup/Desktop/7_5_hpc2D/7_5_hpc2D/hpcv2D/project/7_5/kernel.cu(252): warning : transfer of control bypasses initialization of:
     1>C:/Users/rgcgroup/Desktop/7_5_hpc2D/7_5_hpc2D/hpcv2D/project/7_5/kernel.cu(262): warning : transfer of control bypasses initialization of:
     1>C:/Users/rgcgroup/Desktop/7_5_hpc2D/7_5_hpc2D/hpcv2D/project/7_5/kernel.cu(267): warning : transfer of control bypasses initialization of:
     1>C:/Users/rgcgroup/Desktop/7_5_hpc2D/7_5_hpc2D/hpcv2D/project/7_5/kernel.cu(272): warning : transfer of control bypasses initialization of:
     1>C:/Users/rgcgroup/Desktop/7_5_hpc2D/7_5_hpc2D/hpcv2D/project/7_5/kernel.cu(277): warning : transfer of control bypasses initialization of:
     1>C:/Users/rgcgroup/Desktop/7_5_hpc2D/7_5_hpc2D/hpcv2D/project/7_5/kernel.cu(282): warning : transfer of control bypasses initialization of:
     1>C:/Users/rgcgroup/Desktop/7_5_hpc2D/7_5_hpc2D/hpcv2D/project/7_5/kernel.cu(291): warning : transfer of control bypasses initialization of:
     1>C:/Users/rgcgroup/Desktop/7_5_hpc2D/7_5_hpc2D/hpcv2D/project/7_5/kernel.cu(296): warning : transfer of control bypasses initialization of:
     1>C:/Users/rgcgroup/Desktop/7_5_hpc2D/7_5_hpc2D/hpcv2D/project/7_5/kernel.cu(301): warning : transfer of control bypasses initialization of:
     1>C:/Users/rgcgroup/Desktop/7_5_hpc2D/7_5_hpc2D/hpcv2D/project/7_5/kernel.cu(306): warning : transfer of control bypasses initialization of:
     1>C:/Users/rgcgroup/Desktop/7_5_hpc2D/7_5_hpc2D/hpcv2D/project/7_5/kernel.cu(311): warning : transfer of control bypasses initialization of:
     1>C:/Users/rgcgroup/Desktop/7_5_hpc2D/7_5_hpc2D/hpcv2D/project/7_5/kernel.cu(324): warning : variable "delta" was declared but never referenced
     1>C:/Users/rgcgroup/Desktop/7_5_hpc2D/7_5_hpc2D/hpcv2D/project/7_5/kernel.cu(22): warning : specifiers after comma between declarations are nonstandard
     1>C:/Users/rgcgroup/Desktop/7_5_hpc2D/7_5_hpc2D/hpcv2D/project/7_5/kernel.cu(22): warning : specifiers after comma between declarations are nonstandard
     1>C:/Users/rgcgroup/Desktop/7_5_hpc2D/7_5_hpc2D/hpcv2D/project/7_5/kernel.cu(22): warning : specifiers after comma between declarations are nonstandard
     1>C:/Users/rgcgroup/Desktop/7_5_hpc2D/7_5_hpc2D/hpcv2D/project/7_5/kernel.cu(252): warning : transfer of control bypasses initialization of:
     1>C:/Users/rgcgroup/Desktop/7_5_hpc2D/7_5_hpc2D/hpcv2D/project/7_5/kernel.cu(262): warning : transfer of control bypasses initialization of:
     1>C:/Users/rgcgroup/Desktop/7_5_hpc2D/7_5_hpc2D/hpcv2D/project/7_5/kernel.cu(267): warning : transfer of control bypasses initialization of:
     1>C:/Users/rgcgroup/Desktop/7_5_hpc2D/7_5_hpc2D/hpcv2D/project/7_5/kernel.cu(272): warning : transfer of control bypasses initialization of:
     1>C:/Users/rgcgroup/Desktop/7_5_hpc2D/7_5_hpc2D/hpcv2D/project/7_5/kernel.cu(277): warning : transfer of control bypasses initialization of:
     1>C:/Users/rgcgroup/Desktop/7_5_hpc2D/7_5_hpc2D/hpcv2D/project/7_5/kernel.cu(282): warning : transfer of control bypasses initialization of:
     1>C:/Users/rgcgroup/Desktop/7_5_hpc2D/7_5_hpc2D/hpcv2D/project/7_5/kernel.cu(291): warning : transfer of control bypasses initialization of:
     1>C:/Users/rgcgroup/Desktop/7_5_hpc2D/7_5_hpc2D/hpcv2D/project/7_5/kernel.cu(296): warning : transfer of control bypasses initialization of:
     1>C:/Users/rgcgroup/Desktop/7_5_hpc2D/7_5_hpc2D/hpcv2D/project/7_5/kernel.cu(301): warning : transfer of control bypasses initialization of:
     1>C:/Users/rgcgroup/Desktop/7_5_hpc2D/7_5_hpc2D/hpcv2D/project/7_5/kernel.cu(306): warning : transfer of control bypasses initialization of:
     1>C:/Users/rgcgroup/Desktop/7_5_hpc2D/7_5_hpc2D/hpcv2D/project/7_5/kernel.cu(311): warning : transfer of control bypasses initialization of:
     1>C:/Users/rgcgroup/Desktop/7_5_hpc2D/7_5_hpc2D/hpcv2D/project/7_5/kernel.cu(324): warning : variable "delta" was declared but never referenced
         kernel.cu
     1>C:/Users/rgcgroup/Desktop/7_5_hpc2D/7_5_hpc2D/hpcv2D/project/7_5/kernel.cu(33): warning C4244: 'initializing' : conversion from 'double' to 'int', possible loss of data
     1>C:/Users/rgcgroup/Desktop/7_5_hpc2D/7_5_hpc2D/hpcv2D/project/7_5/kernel.cu(41): warning C4244: '=' : conversion from 'double' to 'int', possible loss of data
     1>C:/Users/rgcgroup/Desktop/7_5_hpc2D/7_5_hpc2D/hpcv2D/project/7_5/kernel.cu(269): warning C4244: 'argument' : conversion from 'real' to 'size_t', possible loss of data
     1>C:/Users/rgcgroup/Desktop/7_5_hpc2D/7_5_hpc2D/hpcv2D/project/7_5/kernel.cu(274): warning C4244: 'argument' : conversion from 'real' to 'size_t', possible loss of data
     1>C:/Users/rgcgroup/Desktop/7_5_hpc2D/7_5_hpc2D/hpcv2D/project/7_5/kernel.cu(298): warning C4244: 'argument' : conversion from 'real' to 'size_t', possible loss of data
     1>C:/Users/rgcgroup/Desktop/7_5_hpc2D/7_5_hpc2D/hpcv2D/project/7_5/kernel.cu(303): warning C4244: 'argument' : conversion from 'real' to 'size_t', possible loss of data
     1>C:/Users/rgcgroup/Desktop/7_5_hpc2D/7_5_hpc2D/hpcv2D/project/7_5/kernel.cu(344): warning C4018: '<' : signed/unsigned mismatch
       Link:
         C:\Program Files (x86)\Microsoft Visual Studio 12.0\VC\bin\link.exe /ERRORREPORT:PROMPT /OUT:"C:\Users\rgcgroup\Desktop\7_5_hpc2D\7_5_hpc2D\hpcv2D\project\Release\7_5.exe" /NOLOGO /LIBPATH:"C:\Program Files\NVIDIA GPU Computing Toolkit\CUDA\v7.5\lib\Win32" cudart.lib kernel32.lib user32.lib gdi32.lib winspool.lib comdlg32.lib advapi32.lib shell32.lib ole32.lib oleaut32.lib uuid.lib odbc32.lib odbccp32.lib kernel32.lib user32.lib gdi32.lib winspool.lib comdlg32.lib advapi32.lib shell32.lib ole32.lib oleaut32.lib uuid.lib odbc32.lib odbccp32.lib /MANIFEST /MANIFESTUAC:"level='asInvoker' uiAccess='false'" /manifest:embed /DEBUG /PDB:"C:\Users\rgcgroup\Desktop\7_5_hpc2D\7_5_hpc2D\hpcv2D\project\Release\7_5.pdb" /SUBSYSTEM:CONSOLE /OPT:REF /OPT:ICF /LTCG /TLBID:1 /DYNAMICBASE /NXCOMPAT /IMPLIB:"C:\Users\rgcgroup\Desktop\7_5_hpc2D\7_5_hpc2D\hpcv2D\project\Release\7_5.lib" /MACHINE:X86 /SAFESEH Release\kernel.cu.obj
         LINK : /LTCG specified but no code generation required; remove /LTCG from the link command line to improve linker performance
         7_5.vcxproj -> C:\Users\rgcgroup\Desktop\7_5_hpc2D\7_5_hpc2D\hpcv2D\project\Release\7_5.exe
       PostBuildEvent:
         echo copy "C:\Program Files\NVIDIA GPU Computing Toolkit\CUDA\v7.5\bin\cudart*.dll" "C:\Users\rgcgroup\Desktop\7_5_hpc2D\7_5_hpc2D\hpcv2D\project\Release\"
         copy "C:\Program Files\NVIDIA GPU Computing Toolkit\CUDA\v7.5\bin\cudart*.dll" "C:\Users\rgcgroup\Desktop\7_5_hpc2D\7_5_hpc2D\hpcv2D\project\Release\"
         :VCEnd
         copy "C:\Program Files\NVIDIA GPU Computing Toolkit\CUDA\v7.5\bin\cudart*.dll" "C:\Users\rgcgroup\Desktop\7_5_hpc2D\7_5_hpc2D\hpcv2D\project\Release\"
         C:\Program Files\NVIDIA GPU Computing Toolkit\CUDA\v7.5\bin\cudart32_75.dll
         C:\Program Files\NVIDIA GPU Computing Toolkit\CUDA\v7.5\bin\cudart64_75.dll
                 2 file(s) copied.
     1>Done Building Project "C:\Users\rgcgroup\Desktop\7_5_hpc2D\7_5_hpc2D\hpcv2D\project\7_5\7_5.vcxproj" (Build target(s)).

Build succeeded.

Time Elapsed 00:00:07.15
